<?xml version="1.0" encoding="UTF-8"?>
<!-- Generated by org.testng.reporters.JUnitReportReporter -->
<testsuite hostname="DESKTOP-O9FLJ12" failures="0" tests="27" name="luma_TestNG.Luma_lanchbrowser" time="208.955" errors="1" timestamp="2024-06-14T10:45:27 CEST" skipped="0">
  <testcase classname="luma_TestNG.Luma_lanchbrowser" name="createanAccount" time="18.723"/>
  <testcase classname="luma_TestNG.Luma_lanchbrowser" name="verifypopUp" time="2.074"/>
  <testcase classname="luma_TestNG.Luma_lanchbrowser" name="signin" time="10.476"/>
  <testcase classname="luma_TestNG.Luma_lanchbrowser" name="verifysearchfunction" time="5.230"/>
  <testcase classname="luma_TestNG.Luma_lanchbrowser" name="verifylinkwomen" time="1.077"/>
  <testcase classname="luma_TestNG.Luma_lanchbrowser" name="subcategoryJK" time="1.407"/>
  <testcase classname="luma_TestNG.Luma_lanchbrowser" name="verifyJKitem" time="1.200"/>
  <testcase classname="luma_TestNG.Luma_lanchbrowser" name="verifyinvalidSizeColorQty" time="8.363"/>
  <testcase classname="luma_TestNG.Luma_lanchbrowser" name="verifysizecolourinvQyt" time="11.482"/>
  <testcase classname="luma_TestNG.Luma_lanchbrowser" name="verifyselectedItems" time="6.259"/>
  <testcase classname="luma_TestNG.Luma_lanchbrowser" name="verifyAlertmsg" time="2.361"/>
  <testcase classname="luma_TestNG.Luma_lanchbrowser" name="verifyshoppingcartPrice" time="0.408"/>
  <testcase classname="luma_TestNG.Luma_lanchbrowser" name="verifywishlist" time="10.601"/>
  <testcase classname="luma_TestNG.Luma_lanchbrowser" name="pagenavigatetoMen" time="7.901"/>
  <testcase classname="luma_TestNG.Luma_lanchbrowser" name="verifyitemcolor" time="5.433"/>
  <testcase classname="luma_TestNG.Luma_lanchbrowser" name="verifylinkERINRECOMMENDS" time="3.312"/>
  <testcase classname="luma_TestNG.Luma_lanchbrowser" name="verifySortBy" time="3.240"/>
  <testcase classname="luma_TestNG.Luma_lanchbrowser" name="verifypageItems" time="0.068"/>
  <testcase classname="luma_TestNG.Luma_lanchbrowser" name="verifyAddingMenlinks" time="39.633"/>
  <testcase classname="luma_TestNG.Luma_lanchbrowser" name="verifyUpdateShoppingcart" time="8.223"/>
  <testcase classname="luma_TestNG.Luma_lanchbrowser" name="verifySubtotal" time="5.939"/>
  <testcase classname="luma_TestNG.Luma_lanchbrowser" name="verifyEditbtn" time="19.963"/>
  <testcase classname="luma_TestNG.Luma_lanchbrowser" name="verifydeleteBtn" time="9.948"/>
  <testcase classname="luma_TestNG.Luma_lanchbrowser" name="verifyproceedtocheckout" time="6.392"/>
  <testcase classname="luma_TestNG.Luma_lanchbrowser" name="verifyShippingForm" time="0.152"/>
  <testcase classname="luma_TestNG.Luma_lanchbrowser" name="verifyplaceorderbtn" time="15.639">
    <error message="no such element: Unable to locate element: {&quot;method&quot;:&quot;xpath&quot;,&quot;selector&quot;:&quot;//button[@class=&#039;action primary checkout&#039;]&quot;}
  (Session info: chrome=126.0.6478.56)
For documentation on this error, please visit: https://www.selenium.dev/documentation/webdriver/troubleshooting/errors#no-such-element-exception
Build info: version: &#039;4.20.0&#039;, revision: &#039;866c76ca80&#039;
System info: os.name: &#039;Windows 11&#039;, os.arch: &#039;amd64&#039;, os.version: &#039;10.0&#039;, java.version: &#039;17.0.11&#039;
Driver info: org.openqa.selenium.chrome.ChromeDriver
Command: [98a56a275c84cd6b7d383d1f579f5125, findElement {value=//button[@class=&#039;action primary checkout&#039;], using=xpath}]
Capabilities {acceptInsecureCerts: false, browserName: chrome, browserVersion: 126.0.6478.56, chrome: {chromedriverVersion: 126.0.6478.61 (8dc092df54ce..., userDataDir: C:\Users\vrrma\AppData\Loca...}, fedcm:accounts: true, goog:chromeOptions: {debuggerAddress: localhost:62454}, networkConnectionEnabled: false, pageLoadStrategy: normal, platformName: windows, proxy: Proxy(), se:cdp: ws://localhost:62454/devtoo..., se:cdpVersion: 126.0.6478.56, setWindowRect: true, strictFileInteractability: false, timeouts: {implicit: 0, pageLoad: 300000, script: 30000}, unhandledPromptBehavior: dismiss and notify, webauthn:extension:credBlob: true, webauthn:extension:largeBlob: true, webauthn:extension:minPinLength: true, webauthn:extension:prf: true, webauthn:virtualAuthenticators: true}
Session ID: 98a56a275c84cd6b7d383d1f579f5125" type="org.openqa.selenium.NoSuchElementException">
      <![CDATA[org.openqa.selenium.NoSuchElementException: no such element: Unable to locate element: {"method":"xpath","selector":"//button[@class='action primary checkout']"}
  (Session info: chrome=126.0.6478.56)
For documentation on this error, please visit: https://www.selenium.dev/documentation/webdriver/troubleshooting/errors#no-such-element-exception
Build info: version: '4.20.0', revision: '866c76ca80'
System info: os.name: 'Windows 11', os.arch: 'amd64', os.version: '10.0', java.version: '17.0.11'
Driver info: org.openqa.selenium.chrome.ChromeDriver
Command: [98a56a275c84cd6b7d383d1f579f5125, findElement {value=//button[@class='action primary checkout'], using=xpath}]
Capabilities {acceptInsecureCerts: false, browserName: chrome, browserVersion: 126.0.6478.56, chrome: {chromedriverVersion: 126.0.6478.61 (8dc092df54ce..., userDataDir: C:\Users\vrrma\AppData\Loca...}, fedcm:accounts: true, goog:chromeOptions: {debuggerAddress: localhost:62454}, networkConnectionEnabled: false, pageLoadStrategy: normal, platformName: windows, proxy: Proxy(), se:cdp: ws://localhost:62454/devtoo..., se:cdpVersion: 126.0.6478.56, setWindowRect: true, strictFileInteractability: false, timeouts: {implicit: 0, pageLoad: 300000, script: 30000}, unhandledPromptBehavior: dismiss and notify, webauthn:extension:credBlob: true, webauthn:extension:largeBlob: true, webauthn:extension:minPinLength: true, webauthn:extension:prf: true, webauthn:virtualAuthenticators: true}
Session ID: 98a56a275c84cd6b7d383d1f579f5125
at java.base/jdk.internal.reflect.NativeConstructorAccessorImpl.newInstance0(Native Method)
at java.base/jdk.internal.reflect.NativeConstructorAccessorImpl.newInstance(NativeConstructorAccessorImpl.java:77)
at java.base/jdk.internal.reflect.DelegatingConstructorAccessorImpl.newInstance(DelegatingConstructorAccessorImpl.java:45)
at java.base/java.lang.reflect.Constructor.newInstanceWithCaller(Constructor.java:499)
at java.base/java.lang.reflect.Constructor.newInstance(Constructor.java:480)
at org.openqa.selenium.remote.ErrorCodec.decode(ErrorCodec.java:167)
at org.openqa.selenium.remote.codec.w3c.W3CHttpResponseCodec.decode(W3CHttpResponseCodec.java:138)
at org.openqa.selenium.remote.codec.w3c.W3CHttpResponseCodec.decode(W3CHttpResponseCodec.java:50)
at org.openqa.selenium.remote.HttpCommandExecutor.execute(HttpCommandExecutor.java:190)
at org.openqa.selenium.remote.service.DriverCommandExecutor.invokeExecute(DriverCommandExecutor.java:216)
at org.openqa.selenium.remote.service.DriverCommandExecutor.execute(DriverCommandExecutor.java:174)
at org.openqa.selenium.remote.RemoteWebDriver.execute(RemoteWebDriver.java:518)
at org.openqa.selenium.remote.ElementLocation$ElementFinder$2.findElement(ElementLocation.java:165)
at org.openqa.selenium.remote.ElementLocation.findElement(ElementLocation.java:59)
at org.openqa.selenium.remote.RemoteWebDriver.findElement(RemoteWebDriver.java:355)
at org.openqa.selenium.remote.RemoteWebDriver.findElement(RemoteWebDriver.java:349)
at luma_TestNG.Luma_lanchbrowser.verifyplaceorderbtn(Luma_lanchbrowser.java:433)
at java.base/jdk.internal.reflect.NativeMethodAccessorImpl.invoke0(Native Method)
at java.base/jdk.internal.reflect.NativeMethodAccessorImpl.invoke(NativeMethodAccessorImpl.java:77)
at java.base/jdk.internal.reflect.DelegatingMethodAccessorImpl.invoke(DelegatingMethodAccessorImpl.java:43)
at java.base/java.lang.reflect.Method.invoke(Method.java:568)
at org.testng.internal.invokers.MethodInvocationHelper.invokeMethod(MethodInvocationHelper.java:139)
at org.testng.internal.invokers.TestInvoker.invokeMethod(TestInvoker.java:664)
at org.testng.internal.invokers.TestInvoker.invokeTestMethod(TestInvoker.java:227)
at org.testng.internal.invokers.MethodRunner.runInSequence(MethodRunner.java:50)
at org.testng.internal.invokers.TestInvoker$MethodInvocationAgent.invoke(TestInvoker.java:957)
at org.testng.internal.invokers.TestInvoker.invokeTestMethods(TestInvoker.java:200)
at org.testng.internal.invokers.TestMethodWorker.invokeTestMethods(TestMethodWorker.java:148)
at org.testng.internal.invokers.TestMethodWorker.run(TestMethodWorker.java:128)
at java.base/java.util.ArrayList.forEach(ArrayList.java:1511)
at org.testng.TestRunner.privateRun(TestRunner.java:848)
at org.testng.TestRunner.run(TestRunner.java:621)
at org.testng.SuiteRunner.runTest(SuiteRunner.java:443)
at org.testng.SuiteRunner.runSequentially(SuiteRunner.java:437)
at org.testng.SuiteRunner.privateRun(SuiteRunner.java:397)
at org.testng.SuiteRunner.run(SuiteRunner.java:336)
at org.testng.SuiteRunnerWorker.runSuite(SuiteRunnerWorker.java:52)
at org.testng.SuiteRunnerWorker.run(SuiteRunnerWorker.java:95)
at org.testng.TestNG.runSuitesSequentially(TestNG.java:1280)
at org.testng.TestNG.runSuitesLocally(TestNG.java:1200)
at org.testng.TestNG.runSuites(TestNG.java:1114)
at org.testng.TestNG.run(TestNG.java:1082)
at org.testng.remote.AbstractRemoteTestNG.run(AbstractRemoteTestNG.java:115)
at org.testng.remote.RemoteTestNG.initAndRun(RemoteTestNG.java:251)
at org.testng.remote.RemoteTestNG.main(RemoteTestNG.java:77)
]]>
    </error>
  </testcase> <!-- verifyplaceorderbtn -->
  <testcase classname="luma_TestNG.Luma_lanchbrowser" name="verifySignOut" time="3.451"/>
</testsuite> <!-- luma_TestNG.Luma_lanchbrowser -->
